(0.000) None; args=None
(0.000) None; args=None
(0.001) None; args=None
(0.001) None; args=()
(0.001) None; args=None
(0.001) None; args=None
(0.000) None; args=('pvik9apwfnz0atolj8dkebpiqozeb3p2', '2020-09-03 02:08:26.918058')
(0.000) None; args=(1,)
(0.000) None; args=(1, 10)
(0.000) None; args=(1, 10)
(0.001) None; args=(11,)
(0.001) None; args=(11, True, True)
(0.000) None; args=(11, True, 'jxtj')
(0.000) None; args=(11, True, 'jstj')
(0.001) None; args=None
(0.000) None; args=None
(0.001) None; args=('pvik9apwfnz0atolj8dkebpiqozeb3p2', '2020-09-03 02:08:41.948194')
(0.000) None; args=(1,)
(0.000) None; args=(1, 10)
(0.000) None; args=(1, 10)
(0.001) None; args=(11,)
(0.001) None; args=(11, True, True)
(0.002) None; args=(11, True, 'jxtj')
(0.001) None; args=(11, True, 'jstj')
(0.000) None; args=None
(0.001) None; args=None
(0.000) None; args=('pvik9apwfnz0atolj8dkebpiqozeb3p2', '2020-09-03 02:13:40.736679')
(0.000) None; args=(1,)
(0.001) None; args=(1, 10)
(0.000) None; args=(1, 10)
(0.000) None; args=(11,)
(0.001) None; args=(11, True, True)
(0.005) None; args=(11, True, 'jxtj')
(0.001) None; args=(11, True, 'jstj')
(0.000) None; args=None
(0.000) None; args=None
(0.001) None; args=('pvik9apwfnz0atolj8dkebpiqozeb3p2', '2020-09-03 02:13:41.395042')
(0.002) None; args=(1,)
(0.001) None; args=(1, 10)
(0.002) None; args=(1, 10)
(0.000) None; args=(11,)
(0.002) None; args=(11, True, True)
(0.001) None; args=(11, True, 'jxtj')
(0.000) None; args=(11, True, 'jstj')
(0.000) None; args=None
(0.000) None; args=None
(0.000) None; args=('pvik9apwfnz0atolj8dkebpiqozeb3p2', '2020-09-03 02:14:24.102889')
(0.001) None; args=(1,)
(0.001) None; args=(1, 10)
(0.001) None; args=(1, 10)
(0.001) None; args=(11,)
(0.001) None; args=(11, True, True)
(0.000) None; args=(11, True, 'jxtj')
(0.000) None; args=(11, True, 'jstj')
(0.000) None; args=None
(0.000) None; args=None
(0.000) None; args=('pvik9apwfnz0atolj8dkebpiqozeb3p2', '2020-09-03 02:14:24.742499')
(0.000) None; args=(1,)
(0.000) None; args=(1, 10)
(0.000) None; args=(1, 10)
(0.001) None; args=(11,)
(0.000) None; args=(11, True, True)
(0.002) None; args=(11, True, 'jxtj')
(0.002) None; args=(11, True, 'jstj')
(0.000) None; args=None
(0.001) None; args=None
(0.001) None; args=('pvik9apwfnz0atolj8dkebpiqozeb3p2', '2020-09-03 02:16:10.633665')
(0.003) None; args=(1,)
(0.001) None; args=(1, 10)
(0.001) None; args=(1, 10)
(0.001) None; args=(11,)
(0.002) None; args=(11, True, True)
(0.001) None; args=(11, True, 'jxtj')
(0.001) None; args=(11, True, 'jstj')
(0.001) None; args=None
(0.000) None; args=None
(0.005) None; args=None
(0.001) None; args=()
(0.000) None; args=None
(0.001) None; args=None
(0.001) None; args=(11, True, 'jxtj')
(0.001) None; args=('pvik9apwfnz0atolj8dkebpiqozeb3p2', '2020-09-03 02:17:11.545581')
(0.000) None; args=(1,)
(0.001) None; args=(1, 10)
(0.001) None; args=(1, 10)
(0.000) None; args=None
(0.000) None; args=None
(0.000) None; args=(11, True, 'jxtj')
(0.001) None; args=('pvik9apwfnz0atolj8dkebpiqozeb3p2', '2020-09-03 02:17:11.704690')
(0.001) None; args=(1,)
(0.000) None; args=(1, 10)
(0.000) None; args=(1, 10)
(0.001) None; args=(11, True, 'jxtj')
(0.001) None; args=None
(0.000) None; args=None
(0.000) None; args=('b0cc53e48a2d473eb1efd43e4ebfbf03', True)
(0.001) None; args=('pvik9apwfnz0atolj8dkebpiqozeb3p2', '2020-09-03 02:17:13.825958')
(0.001) None; args=(1,)
(0.001) None; args=(1, True, True)
(0.000) None; args=(1, 10)
(0.000) None; args=(1, 10)
(0.002) None; args=('mall', 'product')
(0.001) None; args=(15, 1)
(0.000) None; args=None
(0.000) None; args=None
(0.000) None; args=('pvik9apwfnz0atolj8dkebpiqozeb3p2', '2020-09-03 02:17:16.292443')
(0.000) None; args=(1,)
(0.001) None; args=(1, 10)
(0.001) None; args=(1, 10)
(0.000) None; args=(1, 10)
(0.001) None; args=(4,)
(0.000) None; args=(6,)
(0.000) None; args=None
(0.000) None; args=None
(0.001) None; args=('pvik9apwfnz0atolj8dkebpiqozeb3p2', '2020-09-03 02:17:29.185370')
(0.001) None; args=(1,)
(0.001) None; args=(1, 10)
(0.001) None; args=(1, 10)
(0.000) None; args=(11,)
(0.001) None; args=(11, True, True)
(0.001) None; args=(11, True, 'jxtj')
(0.002) None; args=(11, True, 'jstj')
(0.000) None; args=None
(0.001) None; args=None
(0.000) None; args=('pvik9apwfnz0atolj8dkebpiqozeb3p2', '2020-09-03 02:18:08.003163')
(0.000) None; args=(1,)
(0.001) None; args=(1, 10)
(0.000) None; args=(1, 10)
(0.000) None; args=(11,)
(0.000) None; args=(11, True, True)
(0.001) None; args=(11, True, 'jxtj')
(0.002) None; args=(11, True, 'jstj')
(0.000) None; args=None
(0.000) None; args=None
(0.001) None; args=None
(0.001) None; args=()
(0.001) None; args=None
(0.000) None; args=None
(0.001) None; args=('pvik9apwfnz0atolj8dkebpiqozeb3p2', '2020-09-03 02:25:36.502249')
(0.001) None; args=(1,)
(0.001) None; args=(1, 10)
(0.002) None; args=(1, 10)
(0.001) None; args=(11,)
(0.001) None; args=(11, True, True)
(0.002) None; args=(11, True, 'jxtj')
(0.001) None; args=(11, True, 'jstj')
(0.001) None; args=None
(0.000) None; args=None
(0.000) None; args=('pvik9apwfnz0atolj8dkebpiqozeb3p2', '2020-09-03 02:25:37.298532')
(0.001) None; args=(1,)
(0.000) None; args=(1, 10)
(0.000) None; args=(1, 10)
(0.001) None; args=(11,)
(0.001) None; args=(11, True, True)
(0.001) None; args=(11, True, 'jxtj')
(0.001) None; args=(11, True, 'jstj')
